A51 MACRO ASSEMBLER  STARTUP                                                              03/24/2020 19:38:00 PAGE     1


MACRO ASSEMBLER A51 V8.2.7.0
OBJECT MODULE PLACED IN STARTUP.OBJ
ASSEMBLER INVOKED BY: C:\Keil\C51\BIN\A51.EXE STARTUP.A51 SET(SMALL) DEBUG EP

LOC  OBJ            LINE     SOURCE

                       1     $nomod51 
                       2     ;------------------------------------------------------------------------------
                       3     ;  This file is part of the C51 Compiler package
                       4     ;  Copyright (c) 1988-2002 Keil Elektronik GmbH and Keil Software, Inc.
                       5     ;------------------------------------------------------------------------------
                       6     ;  STARTUP.A51:  This code is executed after processor reset.
                       7     ;
                       8     ;  To translate this file use A51 with the following invocation:
                       9     ;
                      10     ;     A51 STARTUP.A51
                      11     ;
                      12     ;  To link the modified STARTUP.OBJ file to your application use the following
                      13     ;  BL51 invocation:
                      14     ;
                      15     ;     BL51 <your object file list>, STARTUP.OBJ <controls>
                      16     ;
                      17     ;------------------------------------------------------------------------------
                      18     ;
                      19     ;  User-defined Power-On Initialization of Memory
                      20     ;
                      21     ;  With the following EQU statements the initialization of memory
                      22     ;  at processor reset can be defined:
                      23     ;
                      24     ;               ; the absolute start-address of IDATA memory is always 0
  0080                25     IDATALEN        EQU     80H     ; the length of IDATA memory in bytes.
                      26     ;
  0000                27     XDATASTART      EQU     0H      ; the absolute start-address of XDATA memory
  0000                28     XDATALEN        EQU     0H      ; the length of XDATA memory in bytes
                      29     ;
  0000                30     PDATASTART      EQU     0H      ; the absolute start-address of PDATA memory
  0000                31     PDATALEN        EQU     0H      ; the length of PDATA memory in bytes.
                      32     ;
                      33     ;  Notes:  The IDATA space overlaps physically the DATA and BIT areas of the
                      34     ;          8051 CPU. At minimum the memory space occupied from the C51 
                      35     ;          run-time routines must be set to zero.
                      36     ;------------------------------------------------------------------------------
                      37     ;
                      38     ;  Reentrant Stack Initilization
                      39     ;
                      40     ;  The following EQU statements define the stack pointer for reentrant
                      41     ;  functions and initialized it:
                      42     ;
                      43     ;  Stack Space for reentrant functions in the SMALL model.
  0000                44     IBPSTACK        EQU     0       ; set to 1 if small reentrant is used.
  0100                45     IBPSTACKTOP     EQU     0FFH+1  ; set top of stack to highest location+1.
                      46     ;
                      47     ;  Stack Space for reentrant functions in the LARGE model.      
  0000                48     XBPSTACK        EQU     0       ; set to 1 if large reentrant is used.
  0000                49     XBPSTACKTOP     EQU     0FFFFH+1; set top of stack to highest location+1.
                      50     ;
                      51     ;  Stack Space for reentrant functions in the COMPACT model.    
  0000                52     PBPSTACK        EQU     0       ; set to 1 if compact reentrant is used.
  0000                53     PBPSTACKTOP     EQU     0FFFFH+1; set top of stack to highest location+1.
                      54     ;
                      55     ;------------------------------------------------------------------------------
                      56     ;
                      57     ;  Page Definition for Using the Compact Model with 64 KByte xdata RAM
                      58     ;
A51 MACRO ASSEMBLER  STARTUP                                                              03/24/2020 19:38:00 PAGE     2

                      59     ;  The following EQU statements define the xdata page used for pdata
                      60     ;  variables. The EQU PPAGE must conform with the PPAGE control used
                      61     ;  in the linker invocation.
                      62     ;
  0000                63     PPAGEENABLE     EQU     0       ; set to 1 if pdata object are used.
                      64     ;
  0000                65     PPAGE           EQU     0       ; define PPAGE number.
                      66     ;
  00A0                67     PPAGE_SFR       DATA    0A0H    ; SFR that supplies uppermost address byte
                      68     ;               (most 8051 variants use P2 as uppermost address byte)
                      69     ;
                      70     ;------------------------------------------------------------------------------
                      71     
                      72     ; Standard SFR Symbols 
  00E0                73     ACC     DATA    0E0H
  00F0                74     B       DATA    0F0H
  0081                75     SP      DATA    81H
  0082                76     DPL     DATA    82H
  0083                77     DPH     DATA    83H
  00AF                78     EA      BIT     0A8H.7
                      79     
  0098                80     RI      BIT     098H.0   
  0099                81     TI      BIT     098H.1
  00CF                82     TF2     BIT     0C8H.7
                      83     
                      84                     NAME    ?C_STARTUP
                      85     
                      86     ?C_C51STARTUP   SEGMENT   CODE
                      87     ?STACK          SEGMENT   IDATA
                      88     
----                  89                     RSEG    ?STACK
0000                  90                     DS      1
                      91     
                      92                     EXTRN CODE (?C_START)
                      93                     PUBLIC  ?C_STARTUP
                      94     
----                  95                     CSEG    AT      0
0000 020000   F       96     ?C_STARTUP:     LJMP    STARTUP1
                      97     
                      98     
                      99     ;******************************************************************************
                     100     ;处理PROM/EPROM中未使用的中断向量入口地址空间
                     101     ;已使用INT0(0003H-000AH),TO(000BH-0012H)
                     102     ;未使用INT1(0013H-001AH),T1(001BH-0022H),ES(0023H-002A),T2(002BH-0032)
                     103     ;******************************************************************************
                     104     ;
                     105     ;               INT1中断处理
                     106     ;               CSEG    AT      0x0013
                     107     ;               NOP
                     108     ;                       NOP
                     109     ;                NOP
                     110     ;                NOP
                     111     ;                NOP
                     112     ;                LJMP   ERR1
                     113     ;
                     114     ;               T1中断处理
----                 115                     CSEG    AT      0x001B
001B 00              116                     NOP
001C 00              117                             NOP
001D 00              118                     NOP
001E 00              119                     NOP
001F 00              120                     NOP
0020 027FE0          121                     LJMP    ERR1
                     122     ;
                     123     ;               ES中断处理
----                 124                     CSEG    AT      0x0023
A51 MACRO ASSEMBLER  STARTUP                                                              03/24/2020 19:38:00 PAGE     3

0023 00              125                     NOP
0024 00              126                             NOP
0025 00              127                     NOP
0026 00              128                     NOP
0027 00              129                     NOP
0028 027FE0          130                     LJMP    ERR1
                     131     
                     132     ;
                     133     ;               T2中断处理
----                 134                     CSEG    AT      0x002B
002B 00              135                     NOP         
002C 00              136                             NOP
002D 00              137                     NOP
002E 00              138                     NOP
002F 00              139                     NOP
0030 027FE0          140                     LJMP    ERR1
                     141     
                     142     ;               软件错误陷阱
----                 143                     CSEG    AT      0x7FE0
7FE0                 144     ERR1:
7FE0 C2AF            145                     CLR     EA
7FE2 C298            146                             CLR     RI
7FE4 C299            147                     CLR     TI
7FE6 C2CF            148                     CLR     TF2
7FE8 758107          149                     MOV     SP,#07H
7FEB 907FF3          150                     MOV     DPTR, #ERR2
7FEE C082            151                     PUSH    DPL
7FF0 C083            152                     PUSH    DPH
7FF2 32              153                     RETI
7FF3                 154     ERR2:
7FF3 E4              155                     CLR     A
7FF4 C0E0            156                     PUSH    ACC
7FF6 C0E0            157                     PUSH    ACC
7FF8 32              158                     RETI
                     159     ;------------------------------------------------------------------------------
----                 160                     RSEG    ?C_C51STARTUP
                     161     
0000                 162     STARTUP1:
0000 75D000          163                     MOV     PSW,#00H           ;切换到寄存器组0
                     164     
                     165     IF IDATALEN <> 0
0003 787F            166                     MOV     R0,#IDATALEN - 1
0005 E4              167                     CLR     A
0006 F6              168     IDATALOOP:      MOV     @R0,A
0007 D8FD            169                     DJNZ    R0,IDATALOOP
                     170     ENDIF
                     171     
                     172     IF XDATALEN <> 0
                                             MOV     DPTR,#XDATASTART
                                             MOV     R7,#LOW (XDATALEN)
                               IF (LOW (XDATALEN)) <> 0
                                             MOV     R6,#(HIGH (XDATALEN)) +1
                               ELSE
                                             MOV     R6,#HIGH (XDATALEN)
                               ENDIF
                                             CLR     A
                             XDATALOOP:      MOVX    @DPTR,A
                                             INC     DPTR
                                             DJNZ    R7,XDATALOOP
                                             DJNZ    R6,XDATALOOP
                             ENDIF
                     186     
                     187     IF PPAGEENABLE <> 0
                                             MOV     PPAGE_SFR,#PPAGE
                             ENDIF
                     190     
A51 MACRO ASSEMBLER  STARTUP                                                              03/24/2020 19:38:00 PAGE     4

                     191     IF PDATALEN <> 0
                                             MOV     R0,#LOW (PDATASTART)
                                             MOV     R7,#LOW (PDATALEN)
                                             CLR     A
                             PDATALOOP:      MOVX    @R0,A
                                             INC     R0
                                             DJNZ    R7,PDATALOOP
                             ENDIF
                     199     
                     200     IF IBPSTACK <> 0
                             EXTRN DATA (?C_IBP)
                             
                                             MOV     ?C_IBP,#LOW IBPSTACKTOP
                             ENDIF
                     205     
                     206     IF XBPSTACK <> 0
                             EXTRN DATA (?C_XBP)
                             
                                             MOV     ?C_XBP,#HIGH XBPSTACKTOP
                                             MOV     ?C_XBP+1,#LOW XBPSTACKTOP
                             ENDIF
                     212     
                     213     IF PBPSTACK <> 0
                             EXTRN DATA (?C_PBP)
                                             MOV     ?C_PBP,#LOW PBPSTACKTOP
                             ENDIF
                     217     
0009 758100   F      218                     MOV     SP,#?STACK-1
                     219     ; This code is required if you use L51_BANK.A51 with Banking Mode 4
                     220     ; EXTRN CODE (?B_SWITCH0)
                     221     ;               CALL    ?B_SWITCH0      ; init bank mechanism to code bank 0
000C 020000   F      222                     LJMP    ?C_START
                     223     
                     224                     END
A51 MACRO ASSEMBLER  STARTUP                                                              03/24/2020 19:38:00 PAGE     5

SYMBOL TABLE LISTING
------ ----- -------


N A M E             T Y P E  V A L U E   ATTRIBUTES

?C_C51STARTUP. . .  C SEG    000FH       REL=UNIT
?C_START . . . . .  C ADDR   -----       EXT
?C_STARTUP . . . .  C ADDR   0000H   A   
?STACK . . . . . .  I SEG    0001H       REL=UNIT
ACC. . . . . . . .  D ADDR   00E0H   A   
B. . . . . . . . .  D ADDR   00F0H   A   
DPH. . . . . . . .  D ADDR   0083H   A   
DPL. . . . . . . .  D ADDR   0082H   A   
EA . . . . . . . .  B ADDR   00A8H.7 A   
ERR1 . . . . . . .  C ADDR   7FE0H   A   
ERR2 . . . . . . .  C ADDR   7FF3H   A   
IBPSTACK . . . . .  N NUMB   0000H   A   
IBPSTACKTOP. . . .  N NUMB   0100H   A   
IDATALEN . . . . .  N NUMB   0080H   A   
IDATALOOP. . . . .  C ADDR   0006H   R   SEG=?C_C51STARTUP
PBPSTACK . . . . .  N NUMB   0000H   A   
PBPSTACKTOP. . . .  N NUMB   0000H   A   
PDATALEN . . . . .  N NUMB   0000H   A   
PDATASTART . . . .  N NUMB   0000H   A   
PPAGE. . . . . . .  N NUMB   0000H   A   
PPAGEENABLE. . . .  N NUMB   0000H   A   
PPAGE_SFR. . . . .  D ADDR   00A0H   A   
PSW. . . . . . . .  D ADDR   00D0H   A   
RI . . . . . . . .  B ADDR   0098H.0 A   
SP . . . . . . . .  D ADDR   0081H   A   
STARTUP1 . . . . .  C ADDR   0000H   R   SEG=?C_C51STARTUP
TF2. . . . . . . .  B ADDR   00C8H.7 A   
TI . . . . . . . .  B ADDR   0098H.1 A   
XBPSTACK . . . . .  N NUMB   0000H   A   
XBPSTACKTOP. . . .  N NUMB   0000H   A   
XDATALEN . . . . .  N NUMB   0000H   A   
XDATASTART . . . .  N NUMB   0000H   A   


REGISTER BANK(S) USED: 0 


ASSEMBLY COMPLETE.  0 WARNING(S), 0 ERROR(S)
